Watching for file changes with StatReloader
C:\pkcibiyanna\projects\ROR\ror_django_backend\ror_django_backend\settings.py changed, reloading.
Watching for file changes with StatReloader
C:\pkcibiyanna\projects\ROR\ror_django_backend\ror_django_backend\settings.py changed, reloading.
Watching for file changes with StatReloader
C:\pkcibiyanna\projects\ROR\ror_django_backend\ror_django_backend\settings.py changed, reloading.
Watching for file changes with StatReloader
C:\pkcibiyanna\projects\ROR\ror_django_backend\classify\utils.py changed, reloading.
Watching for file changes with StatReloader
C:\pkcibiyanna\projects\ROR\ror_django_backend\ror_django_backend\settings.py changed, reloading.
Watching for file changes with StatReloader
C:\pkcibiyanna\projects\ROR\ror_django_backend\ror_django_backend\settings.py changed, reloading.
Watching for file changes with StatReloader
C:\pkcibiyanna\projects\ROR\ror_django_backend\classify\views.py changed, reloading.
Watching for file changes with StatReloader
C:\pkcibiyanna\projects\ROR\ror_django_backend\classify\urls.py changed, reloading.
Watching for file changes with StatReloader
Not Found: /api/classify/v1/voice-text/
C:\pkcibiyanna\projects\ROR\ror_django_backend\classify\urls.py changed, reloading.
Watching for file changes with StatReloader
Method Not Allowed: /api/classify/v1/voice-text/
C:\pkcibiyanna\projects\ROR\ror_django_backend\classify\views.py changed, reloading.
Watching for file changes with StatReloader
C:\pkcibiyanna\projects\ROR\ror_django_backend\classify\views.py changed, reloading.
Watching for file changes with StatReloader
C:\pkcibiyanna\projects\ROR\ror_django_backend\classify\views.py changed, reloading.
Watching for file changes with StatReloader
C:\pkcibiyanna\projects\ROR\ror_django_backend\classify\utils.py changed, reloading.
Watching for file changes with StatReloader
C:\pkcibiyanna\projects\ROR\ror_django_backend\classify\utils.py changed, reloading.
Watching for file changes with StatReloader
C:\pkcibiyanna\projects\ROR\ror_django_backend\classify\utils.py changed, reloading.
Watching for file changes with StatReloader
C:\pkcibiyanna\projects\ROR\ror_django_backend\classify\utils.py changed, reloading.
Watching for file changes with StatReloader
C:\pkcibiyanna\projects\ROR\ror_django_backend\classify\utils.py changed, reloading.
Watching for file changes with StatReloader
C:\pkcibiyanna\projects\ROR\ror_django_backend\classify\views.py changed, reloading.
Watching for file changes with StatReloader
C:\pkcibiyanna\projects\ROR\ror_django_backend\classify\urls.py changed, reloading.
Watching for file changes with StatReloader
C:\pkcibiyanna\projects\ROR\ror_django_backend\classify\urls.py changed, reloading.
Watching for file changes with StatReloader
C:\pkcibiyanna\projects\ROR\ror_django_backend\classify\urls.py changed, reloading.
Watching for file changes with StatReloader
C:\pkcibiyanna\projects\ROR\ror_django_backend\classify\views.py changed, reloading.
Watching for file changes with StatReloader
C:\pkcibiyanna\projects\ROR\ror_django_backend\classify\views.py changed, reloading.
Watching for file changes with StatReloader
Not Found: /api/classify/v1/voice-text/
Unsupported Media Type: /api/classify/v1/process-voice/
Unsupported Media Type: /api/classify/v1/process-voice/
C:\pkcibiyanna\projects\ROR\ror_django_backend\classify\urls.py changed, reloading.
Watching for file changes with StatReloader
Unsupported Media Type: /api/classify/v1/process-voice/
C:\pkcibiyanna\projects\ROR\ror_django_backend\classify\utils.py changed, reloading.
Watching for file changes with StatReloader
C:\pkcibiyanna\projects\ROR\ror_django_backend\classify\views.py changed, reloading.
Watching for file changes with StatReloader
Unsupported Media Type: /api/classify/v1/process-voice/
C:\pkcibiyanna\projects\ROR\ror_django_backend\classify\views.py changed, reloading.
Watching for file changes with StatReloader
Unsupported Media Type: /api/classify/v1/process-voice/
C:\pkcibiyanna\projects\ROR\ror_django_backend\classify\utils.py changed, reloading.
Watching for file changes with StatReloader
Unsupported Media Type: /api/classify/v1/process-voice/
C:\pkcibiyanna\projects\ROR\ror_django_backend\classify\utils.py changed, reloading.
Watching for file changes with StatReloader
Unsupported Media Type: /api/classify/v1/process-voice/
C:\pkcibiyanna\projects\ROR\ror_django_backend\classify\utils.py changed, reloading.
Watching for file changes with StatReloader
Unsupported Media Type: /api/classify/v1/process-voice/
Unsupported Media Type: /api/classify/v1/process-voice/
Not Found: /api/classify/v1/voice-text/
C:\pkcibiyanna\projects\ROR\ror_django_backend\classify\views.py changed, reloading.
Watching for file changes with StatReloader
C:\pkcibiyanna\projects\ROR\ror_django_backend\classify\views.py changed, reloading.
Watching for file changes with StatReloader
Unsupported Media Type: /api/classify/v1/process-voice/
C:\pkcibiyanna\projects\ROR\ror_django_backend\classify\views.py changed, reloading.
Watching for file changes with StatReloader
Unsupported Media Type: /api/classify/v1/process-voice/
C:\pkcibiyanna\projects\ROR\ror_django_backend\classify\views.py changed, reloading.
Watching for file changes with StatReloader
Unsupported Media Type: /api/classify/v1/process-voice/
C:\pkcibiyanna\projects\ROR\ror_django_backend\classify\views.py changed, reloading.
Watching for file changes with StatReloader
Unsupported Media Type: /api/classify/v1/process-voice/
C:\pkcibiyanna\projects\ROR\ror_django_backend\classify\views.py changed, reloading.
Watching for file changes with StatReloader
C:\pkcibiyanna\projects\ROR\ror_django_backend\classify\views.py changed, reloading.
Watching for file changes with StatReloader
Received request with Content-Type: multipart/form-data; boundary=--------------------------257016276694262937014834
No audio file provided in the request
Bad Request: /api/classify/v1/process-voice/
C:\pkcibiyanna\projects\ROR\ror_django_backend\classify\views.py changed, reloading.
Watching for file changes with StatReloader
C:\pkcibiyanna\projects\ROR\ror_django_backend\classify\views.py changed, reloading.
Watching for file changes with StatReloader
Received request with Content-Type: multipart/form-data; boundary=--------------------------429486812409851209644973
Processing voice input from file: hindi_sample_audio.wav
Error processing audio: name 'os' is not defined
Traceback (most recent call last):
  File "C:\pkcibiyanna\projects\ROR\ror_django_backend\classify\utils.py", line 19, in process_audio
    audio_file = os.path.join(settings.BASE_DIR,'classify/assets/harvard_audio.wav')
                 ^^
NameError: name 'os' is not defined. Did you forget to import 'os'
Error processing audio: Error processing audio: name 'os' is not defined
Bad Request: /api/classify/v1/process-voice/
C:\pkcibiyanna\projects\ROR\ror_django_backend\classify\views.py changed, reloading.
Watching for file changes with StatReloader
C:\pkcibiyanna\projects\ROR\ror_django_backend\classify\utils.py changed, reloading.
Watching for file changes with StatReloader
C:\pkcibiyanna\projects\ROR\ror_django_backend\classify\utils.py changed, reloading.
Watching for file changes with StatReloader
Received request with Content-Type: multipart/form-data; boundary=--------------------------456512905544655835458702
Processing voice input from file: hindi_sample_audio.wav
Error processing audio: name 'buf' is not defined
Traceback (most recent call last):
  File "C:\pkcibiyanna\projects\ROR\ror_django_backend\classify\utils.py", line 21, in process_audio
    with sr.AudioFile(buf) as source:
                      ^^^
NameError: name 'buf' is not defined
Error processing audio: Error processing audio: name 'buf' is not defined
Bad Request: /api/classify/v1/process-voice/
C:\pkcibiyanna\projects\ROR\ror_django_backend\classify\utils.py changed, reloading.
Watching for file changes with StatReloader
Received request with Content-Type: multipart/form-data; boundary=--------------------------144581548679651200906994
Processing voice input from file: hindi_sample_audio.wav
Error processing audio: Source must be an audio source
Traceback (most recent call last):
  File "C:\pkcibiyanna\projects\ROR\ror_django_backend\classify\utils.py", line 21, in process_audio
    audio_data = recognizer.record(audio_file)
                 ^^^^^^^^^^^^^^^^^^^^^^^^^^^^^
  File "C:\pkcibiyanna\projects\ROR\env_ror\Lib\site-packages\speech_recognition\__init__.py", line 347, in record
    assert isinstance(source, AudioSource), "Source must be an audio source"
           ^^^^^^^^^^^^^^^^^^^^^^^^^^^^^^^
AssertionError: Source must be an audio source
Error processing audio: Error processing audio: Source must be an audio source
Bad Request: /api/classify/v1/process-voice/
C:\pkcibiyanna\projects\ROR\ror_django_backend\classify\utils.py changed, reloading.
Watching for file changes with StatReloader
Received request with Content-Type: multipart/form-data; boundary=--------------------------200370191967754288699604
Processing voice input from file: hindi_sample_audio.wav
Recognized text: Keshav ke ghar mein Char khidkiyan Hain Kai log Kumar ko Pasand Karte Hain Tumhare khargosh Ka Rang Safed hai aapki gay cal se yahan hai cal ka khana Sulekha ghi dalkar banaegi akshy ki khir garm ho gai Maine cal Khwab Mein Ek Khubsurat gadi Dekhi yah Khabar sunkar Raghu Khushi Se Pagal Ho Gaya Ki Ladai Mein Kai Jawan Ghayal Hue chal rahi hai Kai Salon pahle Sita Ki Agni Pariksha hui thi aapki Khoj mein kaun sa Ghoda Shamil Karen aapki Dua Se Sab khairiyat hai jansankhya ki ginti mein Kai log chhut Gaye Mausam badalne per mere ghutnon mein Dard shuru ho jata hai gumnam Logon Ko gairon se Upkar ki Asha Nahin Karni chahie
Received request with Content-Type: multipart/form-data; boundary=--------------------------981029457009808138317191
Processing voice input from file: harvard_audio.wav
Recognized text: the still smell of old buildings it takes heat to bring out the order a cold storage find with him tacos Alpha store are my favourite is just for food is the hard cross bun
C:\pkcibiyanna\projects\ROR\ror_django_backend\classify\utils.py changed, reloading.
Watching for file changes with StatReloader
C:\pkcibiyanna\projects\ROR\ror_django_backend\classify\utils.py changed, reloading.
Watching for file changes with StatReloader
C:\pkcibiyanna\projects\ROR\ror_django_backend\classify\utils.py changed, reloading.
Watching for file changes with StatReloader
C:\pkcibiyanna\projects\ROR\ror_django_backend\classify\utils.py changed, reloading.
Watching for file changes with StatReloader
